<?xml version="1.0" encoding="UTF-8"?>
<!-- Generated by org.testng.reporters.JUnitReportReporter -->
<testsuite hostname="DESKTOP-FIG0BF1" failures="0" tests="3" name="testcases.SimplilearnLoginTest" time="49.926" errors="0" timestamp="2022-09-18T10:01:45 IST" skipped="0">
  <testcase classname="testcases.SimplilearnLoginTest" name="Test3" time="18.959"/>
  <system-out/>
  <testcase classname="testcases.SimplilearnLoginTest" name="Test2" time="17.864"/>
  <system-out/>
  <testcase classname="testcases.SimplilearnLoginTest" name="Test1" time="13.103"/>
  <system-out/>
</testsuite> <!-- testcases.SimplilearnLoginTest -->
