<?xml version="1.0" encoding="UTF-8"?>
<!-- Generated by org.testng.reporters.JUnitReportReporter -->
<testsuite hostname="DESKTOP-FIG0BF1" failures="0" tests="1" name="testcases.HomePage" time="5.647" errors="0" timestamp="2022-09-10T10:51:55 IST" skipped="0">
  <testcase classname="testcases.HomePage" name="Test3" time="5.647"/>
  <system-out/>
</testsuite> <!-- testcases.HomePage -->
