<?xml version="1.0" encoding="UTF-8"?>
<!-- Generated by org.testng.reporters.JUnitReportReporter -->
<testsuite hostname="DESKTOP-FIG0BF1" failures="0" tests="1" name="testcases.HomeTest" time="6.612" errors="0" timestamp="2022-09-11T11:13:48 IST" skipped="0">
  <testcase classname="testcases.HomeTest" name="Test4" time="6.612"/>
  <system-out/>
</testsuite> <!-- testcases.HomeTest -->
