<?xml version="1.0" encoding="UTF-8"?>
<!-- Generated by org.testng.reporters.JUnitReportReporter -->
<testsuite hostname="DESKTOP-FIG0BF1" failures="0" tests="3" name="testcases.SimplilearnLoginTest" time="46.608" errors="0" timestamp="2022-09-11T11:13:48 IST" skipped="0">
  <testcase classname="testcases.SimplilearnLoginTest" name="Test1" time="16.918"/>
  <system-out/>
  <testcase classname="testcases.SimplilearnLoginTest" name="Test3" time="13.319"/>
  <system-out/>
  <testcase classname="testcases.SimplilearnLoginTest" name="Test2" time="16.371"/>
  <system-out/>
</testsuite> <!-- testcases.SimplilearnLoginTest -->
