<?xml version="1.0" encoding="UTF-8"?>
<!-- Generated by org.testng.reporters.JUnitReportReporter -->
<testsuite hostname="DESKTOP-FIG0BF1" failures="0" tests="3" name="testcases.SimplilearnLoginTest" time="39.644" errors="0" timestamp="2022-09-18T12:07:22 IST" skipped="0">
  <testcase classname="testcases.SimplilearnLoginTest" name="Test3" time="15.059"/>
  <system-out/>
  <testcase classname="testcases.SimplilearnLoginTest" name="Test1" time="12.789"/>
  <system-out/>
  <testcase classname="testcases.SimplilearnLoginTest" name="Test2" time="11.796"/>
  <system-out/>
</testsuite> <!-- testcases.SimplilearnLoginTest -->
